[   39207ms] [ERROR] Failed to load resource: the server responded with a status of 404 () @ https://sherry-berries-website.vercel.app/accessibility?_rsc=_H_fFy2_Q06N8BA7:0
[   79225ms] [ERROR] Failed to load resource: the server responded with a status of 404 () @ https://sherry-berries-website.vercel.app/terms?_rsc=_H_fFy2_Q06N8BA7:0
[   83325ms] [ERROR] Failed to load resource: the server responded with a status of 404 () @ https://sherry-berries-website.vercel.app/privacy?_rsc=_H_fFy2_Q06N8BA7:0
[   85164ms] [ERROR] Failed to load resource: the server responded with a status of 404 () @ https://sherry-berries-website.vercel.app/account/orders?_rsc=_H_fFy2_Q06N8BA7:0
[   85735ms] [ERROR] Failed to load resource: the server responded with a status of 404 () @ https://sherry-berries-website.vercel.app/help/returns?_rsc=_H_fFy2_Q06N8BA7:0
[   86957ms] [ERROR] Failed to load resource: the server responded with a status of 404 () @ https://sherry-berries-website.vercel.app/help/shipping?_rsc=_H_fFy2_Q06N8BA7:0
[   87327ms] [ERROR] Failed to load resource: the server responded with a status of 404 () @ https://sherry-berries-website.vercel.app/contact?_rsc=_H_fFy2_Q06N8BA7:0
[   90223ms] [ERROR] Failed to load resource: the server responded with a status of 404 () @ https://sherry-berries-website.vercel.app/learn/sizing?_rsc=_H_fFy2_Q06N8BA7:0
[   90335ms] [ERROR] Failed to load resource: the server responded with a status of 404 () @ https://sherry-berries-website.vercel.app/learn/materials?_rsc=_H_fFy2_Q06N8BA7:0
[   90342ms] [ERROR] Failed to load resource: the server responded with a status of 404 () @ https://sherry-berries-website.vercel.app/aftercare-guide?_rsc=_H_fFy2_Q06N8BA7:0
[   94036ms] [ERROR] Failed to load resource: the server responded with a status of 404 () @ https://sherry-berries-website.vercel.app/forgot-password?_rsc=_H_fFy2_Q06N8BA7:0
[   94761ms] [ERROR] Failed to load resource: the server responded with a status of 404 () @ https://sherry-berries-website.vercel.app/wishlist?_rsc=_H_fFy2_Q06N8BA7:0
[   95267ms] [ERROR] Failed to load resource: the server responded with a status of 404 () @ https://sherry-berries-website.vercel.app/account?_rsc=_H_fFy2_Q06N8BA7:0
[   96218ms] [ERROR] Failed to load resource: the server responded with a status of 404 () @ https://sherry-berries-website.vercel.app/community?_rsc=_H_fFy2_Q06N8BA7:0
[   96834ms] [ERROR] Failed to load resource: the server responded with a status of 404 () @ https://sherry-berries-website.vercel.app/learn?_rsc=_H_fFy2_Q06N8BA7:0
[   98183ms] [ERROR] Failed to load resource: the server responded with a status of 404 () @ https://sherry-berries-website.vercel.app/our-story?_rsc=_H_fFy2_Q06N8BA7:0
[   98353ms] [ERROR] Failed to load resource: the server responded with a status of 404 () @ https://sherry-berries-website.vercel.app/bestsellers?_rsc=_H_fFy2_Q06N8BA7:0
[   98906ms] [ERROR] Failed to load resource: the server responded with a status of 404 () @ https://sherry-berries-website.vercel.app/accessibility?_rsc=_H_fFy2_Q06N8BA7:0
[   99075ms] [ERROR] Failed to load resource: the server responded with a status of 404 () @ https://sherry-berries-website.vercel.app/terms?_rsc=_H_fFy2_Q06N8BA7:0
[   99083ms] [ERROR] Failed to load resource: the server responded with a status of 404 () @ https://sherry-berries-website.vercel.app/privacy?_rsc=_H_fFy2_Q06N8BA7:0
[   99307ms] [ERROR] Failed to load resource: the server responded with a status of 404 () @ https://sherry-berries-website.vercel.app/help/returns?_rsc=_H_fFy2_Q06N8BA7:0
[   99426ms] [ERROR] Failed to load resource: the server responded with a status of 404 () @ https://sherry-berries-website.vercel.app/account/orders?_rsc=_H_fFy2_Q06N8BA7:0
[   99450ms] [ERROR] Failed to load resource: the server responded with a status of 404 () @ https://sherry-berries-website.vercel.app/help/shipping?_rsc=_H_fFy2_Q06N8BA7:0
[   99669ms] [ERROR] Failed to load resource: the server responded with a status of 404 () @ https://sherry-berries-website.vercel.app/contact?_rsc=_H_fFy2_Q06N8BA7:0
