[     103ms] [ERROR] Failed to load resource: the server responded with a status of 404 () @ https://sherry-berries-website.vercel.app/bestsellers:0
[     247ms] [ERROR] Failed to load resource: the server responded with a status of 404 () @ https://sherry-berries-website.vercel.app/contact?_rsc=OXEfaXsCQr9qpu4a:0
[     251ms] [ERROR] Failed to load resource: the server responded with a status of 404 () @ https://sherry-berries-website.vercel.app/aftercare-guide?_rsc=OXEfaXsCQr9qpu4a:0
[     255ms] [ERROR] Failed to load resource: the server responded with a status of 404 () @ https://sherry-berries-website.vercel.app/help/shipping?_rsc=OXEfaXsCQr9qpu4a:0
[     456ms] [ERROR] Failed to load resource: the server responded with a status of 404 () @ https://sherry-berries-website.vercel.app/wishlist?_rsc=OXEfaXsCQr9qpu4a:0
[     502ms] [ERROR] Failed to load resource: the server responded with a status of 404 () @ https://sherry-berries-website.vercel.app/community?_rsc=OXEfaXsCQr9qpu4a:0
[     519ms] [ERROR] Failed to load resource: the server responded with a status of 404 () @ https://sherry-berries-website.vercel.app/account?_rsc=OXEfaXsCQr9qpu4a:0
[     531ms] [ERROR] Failed to load resource: the server responded with a status of 404 () @ https://sherry-berries-website.vercel.app/learn?_rsc=OXEfaXsCQr9qpu4a:0
[     614ms] [ERROR] Failed to load resource: the server responded with a status of 404 () @ https://sherry-berries-website.vercel.app/our-story?_rsc=OXEfaXsCQr9qpu4a:0
[    1007ms] [ERROR] Failed to load resource: the server responded with a status of 404 () @ https://sherry-berries-website.vercel.app/bestsellers?_rsc=H_sRzxKJov8hFIAJ:0
[    1018ms] [ERROR] Failed to load resource: the server responded with a status of 404 () @ https://sherry-berries-website.vercel.app/bestsellers?_rsc=0vgqdaJS4BxadG31:0
[    1035ms] [ERROR] Failed to load resource: the server responded with a status of 404 () @ https://sherry-berries-website.vercel.app/bestsellers?_rsc=DIOyGZRVlfodUo2T:0
[   13415ms] [ERROR] Failed to load resource: the server responded with a status of 404 () @ https://sherry-berries-website.vercel.app/aftercare-guide?_rsc=OXEfaXsCQr9qpu4a:0
[   13418ms] [ERROR] Failed to load resource: the server responded with a status of 404 () @ https://sherry-berries-website.vercel.app/contact?_rsc=OXEfaXsCQr9qpu4a:0
[   13431ms] [ERROR] Failed to load resource: the server responded with a status of 404 () @ https://sherry-berries-website.vercel.app/wishlist?_rsc=OXEfaXsCQr9qpu4a:0
[   13438ms] [ERROR] Failed to load resource: the server responded with a status of 404 () @ https://sherry-berries-website.vercel.app/help/shipping?_rsc=OXEfaXsCQr9qpu4a:0
[   13547ms] [ERROR] Failed to load resource: the server responded with a status of 404 () @ https://sherry-berries-website.vercel.app/our-story?_rsc=OXEfaXsCQr9qpu4a:0
[   13551ms] [ERROR] Failed to load resource: the server responded with a status of 404 () @ https://sherry-berries-website.vercel.app/learn?_rsc=OXEfaXsCQr9qpu4a:0
[   13554ms] [ERROR] Failed to load resource: the server responded with a status of 404 () @ https://sherry-berries-website.vercel.app/account?_rsc=OXEfaXsCQr9qpu4a:0
[   13644ms] [ERROR] Failed to load resource: the server responded with a status of 404 () @ https://sherry-berries-website.vercel.app/bestsellers?_rsc=0vgqdaJS4BxadG31:0
[   13647ms] [ERROR] Failed to load resource: the server responded with a status of 404 () @ https://sherry-berries-website.vercel.app/bestsellers?_rsc=H_sRzxKJov8hFIAJ:0
[   13648ms] [ERROR] Failed to load resource: the server responded with a status of 404 () @ https://sherry-berries-website.vercel.app/community?_rsc=OXEfaXsCQr9qpu4a:0
[   13710ms] [ERROR] Failed to load resource: the server responded with a status of 404 () @ https://sherry-berries-website.vercel.app/bestsellers?_rsc=DIOyGZRVlfodUo2T:0
