[     106ms] [ERROR] Failed to load resource: the server responded with a status of 404 () @ https://sherry-berries-website.vercel.app/learn:0
[     296ms] [ERROR] Failed to load resource: the server responded with a status of 404 () @ https://sherry-berries-website.vercel.app/contact?_rsc=OXEfaXsCQr9qpu4a:0
[     296ms] [ERROR] Failed to load resource: the server responded with a status of 404 () @ https://sherry-berries-website.vercel.app/help/shipping?_rsc=OXEfaXsCQr9qpu4a:0
[     297ms] [ERROR] Failed to load resource: the server responded with a status of 404 () @ https://sherry-berries-website.vercel.app/aftercare-guide?_rsc=OXEfaXsCQr9qpu4a:0
[     512ms] [ERROR] Failed to load resource: the server responded with a status of 404 () @ https://sherry-berries-website.vercel.app/wishlist?_rsc=OXEfaXsCQr9qpu4a:0
[     515ms] [ERROR] Failed to load resource: the server responded with a status of 404 () @ https://sherry-berries-website.vercel.app/community?_rsc=OXEfaXsCQr9qpu4a:0
[     535ms] [ERROR] Failed to load resource: the server responded with a status of 404 () @ https://sherry-berries-website.vercel.app/account?_rsc=OXEfaXsCQr9qpu4a:0
[     603ms] [ERROR] Failed to load resource: the server responded with a status of 404 () @ https://sherry-berries-website.vercel.app/bestsellers?_rsc=OXEfaXsCQr9qpu4a:0
[     636ms] [ERROR] Failed to load resource: the server responded with a status of 404 () @ https://sherry-berries-website.vercel.app/our-story?_rsc=OXEfaXsCQr9qpu4a:0
[     985ms] [ERROR] Failed to load resource: the server responded with a status of 404 () @ https://sherry-berries-website.vercel.app/learn?_rsc=H_sRzxKJov8hFIAJ:0
[     999ms] [ERROR] Failed to load resource: the server responded with a status of 404 () @ https://sherry-berries-website.vercel.app/learn?_rsc=0vgqdaJS4BxadG31:0
[    1055ms] [ERROR] Failed to load resource: the server responded with a status of 404 () @ https://sherry-berries-website.vercel.app/learn?_rsc=DIOyGZRVlfodUo2T:0
[   14769ms] [ERROR] Failed to load resource: the server responded with a status of 404 () @ https://sherry-berries-website.vercel.app/contact?_rsc=OXEfaXsCQr9qpu4a:0
[   15210ms] [ERROR] Failed to load resource: the server responded with a status of 404 () @ https://sherry-berries-website.vercel.app/help/shipping?_rsc=OXEfaXsCQr9qpu4a:0
[   15256ms] [ERROR] Failed to load resource: the server responded with a status of 404 () @ https://sherry-berries-website.vercel.app/aftercare-guide?_rsc=OXEfaXsCQr9qpu4a:0
[   15271ms] [ERROR] Failed to load resource: the server responded with a status of 404 () @ https://sherry-berries-website.vercel.app/wishlist?_rsc=OXEfaXsCQr9qpu4a:0
[   16382ms] [ERROR] Failed to load resource: the server responded with a status of 404 () @ https://sherry-berries-website.vercel.app/account?_rsc=OXEfaXsCQr9qpu4a:0
[   17244ms] [ERROR] Failed to load resource: the server responded with a status of 404 () @ https://sherry-berries-website.vercel.app/our-story?_rsc=OXEfaXsCQr9qpu4a:0
[   17252ms] [ERROR] Failed to load resource: the server responded with a status of 404 () @ https://sherry-berries-website.vercel.app/community?_rsc=OXEfaXsCQr9qpu4a:0
[   17258ms] [ERROR] Failed to load resource: the server responded with a status of 404 () @ https://sherry-berries-website.vercel.app/bestsellers?_rsc=OXEfaXsCQr9qpu4a:0
[   18023ms] [ERROR] Failed to load resource: the server responded with a status of 404 () @ https://sherry-berries-website.vercel.app/learn?_rsc=H_sRzxKJov8hFIAJ:0
[   18119ms] [ERROR] Failed to load resource: the server responded with a status of 404 () @ https://sherry-berries-website.vercel.app/learn?_rsc=0vgqdaJS4BxadG31:0
[   18144ms] [ERROR] Failed to load resource: the server responded with a status of 404 () @ https://sherry-berries-website.vercel.app/learn?_rsc=DIOyGZRVlfodUo2T:0
